Initial best fitness: 0.300383
Gen 1: best fitness = 0.0484064
Gen 2: best fitness = 0.0484064
Gen 3: best fitness = 0.0251718
Gen 4: best fitness = 0.0105035
Gen 5: best fitness = 0.0105035
Gen 6: best fitness = 0.0105035
Gen 7: best fitness = 0.0105035
Gen 8: best fitness = 0.0105035
Gen 9: best fitness = 0.0105035
Gen 10: best fitness = 0.0105035
Gen 11: best fitness = 0.0105035
Gen 12: best fitness = 0.0105035
Gen 13: best fitness = 0.0105035
Gen 14: best fitness = 0.0105035
Gen 15: best fitness = 0.0105035
Gen 16: best fitness = 0.0105035
Gen 17: best fitness = 0.0105035
Gen 18: best fitness = 0.0105035
Gen 19: best fitness = 0.0105035
Gen 20: best fitness = 0.0105035
Best test fitness: 0.00663447
Best program (postfix): x0 x0 * x0 - x0 - x0 / x0 + x0 x0 x0 + / x0 x0 x0 / x0 - x0 x0 * + / x0 + + /
Best program (infix):   ((((((x0 * x0) - x0) - x0) / x0) + x0) / ((x0 / (x0 + x0)) + ((x0 / (((x0 / x0) - x0) + (x0 * x0))) + x0)))
